0 info it worked if it ends with ok
1 verbose cli [ '/usr/bin/node', '/usr/bin/npm', 'install', 'vue@next' ]
2 info using npm@3.5.2
3 info using node@v8.10.0
4 silly loadCurrentTree Starting
5 silly install loadCurrentTree
6 silly install readLocalPackageData
7 silly fetchPackageMetaData vue@next
8 silly fetchNamedPackageData vue
9 silly mapToRegistry name vue
10 silly mapToRegistry using default registry
11 silly mapToRegistry registry https://registry.npmjs.org/
12 silly mapToRegistry uri https://registry.npmjs.org/vue
13 verbose request uri https://registry.npmjs.org/vue
14 verbose request no auth needed
15 info attempt registry request try #1 at 9:38:06 PM
16 verbose request id 6b24dadd872f0165
17 http request GET https://registry.npmjs.org/vue
18 http 200 https://registry.npmjs.org/vue
19 verbose headers { date: 'Thu, 06 May 2021 03:38:07 GMT',
19 verbose headers   'content-type': 'application/json',
19 verbose headers   'transfer-encoding': 'chunked',
19 verbose headers   connection: 'keep-alive',
19 verbose headers   'set-cookie':
19 verbose headers    [ '__cfduid=d14d24f2de0c356b1a50d7eb41c7919d01620272286; expires=Sat, 05-Jun-21 03:38:06 GMT; path=/; domain=.npmjs.org; HttpOnly; SameSite=Lax' ],
19 verbose headers   'cf-ray': '64af2c81afdbf784-DEN',
19 verbose headers   'cache-control': 'public, max-age=300',
19 verbose headers   etag: 'W/"8f8a49e9820a62c1adb621acdce5605b"',
19 verbose headers   'last-modified': 'Tue, 06 Apr 2021 08:09:02 GMT',
19 verbose headers   vary: 'accept-encoding, accept',
19 verbose headers   'cf-cache-status': 'HIT',
19 verbose headers   'cf-request-id': '09e15a25080000f784df3dc000000001',
19 verbose headers   'expect-ct': 'max-age=604800, report-uri="https://report-uri.cloudflare.com/cdn-cgi/beacon/expect-ct"',
19 verbose headers   server: 'cloudflare',
19 verbose headers   'content-encoding': 'gzip' }
20 silly get cb [ 200,
20 silly get   { date: 'Thu, 06 May 2021 03:38:07 GMT',
20 silly get     'content-type': 'application/json',
20 silly get     'transfer-encoding': 'chunked',
20 silly get     connection: 'keep-alive',
20 silly get     'set-cookie':
20 silly get      [ '__cfduid=d14d24f2de0c356b1a50d7eb41c7919d01620272286; expires=Sat, 05-Jun-21 03:38:06 GMT; path=/; domain=.npmjs.org; HttpOnly; SameSite=Lax' ],
20 silly get     'cf-ray': '64af2c81afdbf784-DEN',
20 silly get     'cache-control': 'public, max-age=300',
20 silly get     etag: 'W/"8f8a49e9820a62c1adb621acdce5605b"',
20 silly get     'last-modified': 'Tue, 06 Apr 2021 08:09:02 GMT',
20 silly get     vary: 'accept-encoding, accept',
20 silly get     'cf-cache-status': 'HIT',
20 silly get     'cf-request-id': '09e15a25080000f784df3dc000000001',
20 silly get     'expect-ct': 'max-age=604800, report-uri="https://report-uri.cloudflare.com/cdn-cgi/beacon/expect-ct"',
20 silly get     server: 'cloudflare',
20 silly get     'content-encoding': 'gzip' } ]
21 verbose get saving vue to /home/dayley/.npm/registry.npmjs.org/vue/.cache.json
22 silly install normalizeTree
23 silly loadCurrentTree Finishing
24 silly loadIdealTree Starting
25 silly install loadIdealTree
26 silly cloneCurrentTree Starting
27 silly install cloneCurrentTreeToIdealTree
28 silly cloneCurrentTree Finishing
29 silly loadShrinkwrap Starting
30 silly install loadShrinkwrap
31 silly loadShrinkwrap Finishing
32 silly loadAllDepsIntoIdealTree Starting
33 silly install loadAllDepsIntoIdealTree
34 silly resolveWithNewModule vue@3.0.11 checking installable status
35 silly cache add args [ 'vue@next', null ]
36 verbose cache add spec vue@next
37 silly cache add parsed spec Result {
37 silly cache add   raw: 'vue@next',
37 silly cache add   scope: null,
37 silly cache add   name: 'vue',
37 silly cache add   rawSpec: 'next',
37 silly cache add   spec: 'next',
37 silly cache add   type: 'tag' }
38 silly addNamed vue@next
39 verbose addNamed "next" is being treated as a dist-tag for vue
40 info addNameTag [ 'vue', 'next' ]
41 silly mapToRegistry name vue
42 silly mapToRegistry using default registry
43 silly mapToRegistry registry https://registry.npmjs.org/
44 silly mapToRegistry uri https://registry.npmjs.org/vue
45 verbose addNameTag registry:https://registry.npmjs.org/vue not in flight; fetching
46 verbose get https://registry.npmjs.org/vue not expired, no request
47 silly addNameTag next cb for vue with tag next
48 silly addNamed vue@3.0.11
49 verbose addNamed "3.0.11" is a plain semver version for vue
50 silly mapToRegistry name vue
51 silly mapToRegistry using default registry
52 silly mapToRegistry registry https://registry.npmjs.org/
53 silly mapToRegistry uri https://registry.npmjs.org/vue
54 verbose addRemoteTarball https://registry.npmjs.org/vue/-/vue-3.0.11.tgz not in flight; adding
55 verbose addRemoteTarball [ 'https://registry.npmjs.org/vue/-/vue-3.0.11.tgz',
55 verbose addRemoteTarball   'c82f9594cbf4dcc869241d4c8dd3e08d9a8f4b5f' ]
56 info retry fetch attempt 1 at 9:38:07 PM
57 info attempt registry request try #1 at 9:38:07 PM
58 http fetch GET https://registry.npmjs.org/vue/-/vue-3.0.11.tgz
59 http fetch 200 https://registry.npmjs.org/vue/-/vue-3.0.11.tgz
60 silly fetchAndShaCheck shasum c82f9594cbf4dcc869241d4c8dd3e08d9a8f4b5f
61 verbose addTmpTarball /tmp/npm-14596-db5cb608/registry.npmjs.org/vue/-/vue-3.0.11.tgz not in flight; adding
62 verbose addTmpTarball already have metadata; skipping unpack for vue@3.0.11
63 silly cache afterAdd vue@3.0.11
64 verbose afterAdd /home/dayley/.npm/vue/3.0.11/package/package.json not in flight; writing
65 verbose afterAdd /home/dayley/.npm/vue/3.0.11/package/package.json written
66 silly fetchNamedPackageData @vue/shared
67 silly mapToRegistry name @vue/shared
68 silly mapToRegistry scope (from package name) @vue
69 verbose mapToRegistry no registry URL found in name for scope @vue
70 silly mapToRegistry using default registry
71 silly mapToRegistry registry https://registry.npmjs.org/
72 silly mapToRegistry uri https://registry.npmjs.org/@vue%2fshared
73 silly fetchNamedPackageData @vue/compiler-dom
74 silly mapToRegistry name @vue/compiler-dom
75 silly mapToRegistry scope (from package name) @vue
76 verbose mapToRegistry no registry URL found in name for scope @vue
77 silly mapToRegistry using default registry
78 silly mapToRegistry registry https://registry.npmjs.org/
79 silly mapToRegistry uri https://registry.npmjs.org/@vue%2fcompiler-dom
80 silly fetchNamedPackageData @vue/runtime-dom
81 silly mapToRegistry name @vue/runtime-dom
82 silly mapToRegistry scope (from package name) @vue
83 verbose mapToRegistry no registry URL found in name for scope @vue
84 silly mapToRegistry using default registry
85 silly mapToRegistry registry https://registry.npmjs.org/
86 silly mapToRegistry uri https://registry.npmjs.org/@vue%2fruntime-dom
87 verbose request uri https://registry.npmjs.org/@vue%2fshared
88 verbose request no auth needed
89 info attempt registry request try #1 at 9:38:07 PM
90 http request GET https://registry.npmjs.org/@vue%2fshared
91 verbose request uri https://registry.npmjs.org/@vue%2fcompiler-dom
92 verbose request no auth needed
93 info attempt registry request try #1 at 9:38:07 PM
94 http request GET https://registry.npmjs.org/@vue%2fcompiler-dom
95 verbose request uri https://registry.npmjs.org/@vue%2fruntime-dom
96 verbose request no auth needed
97 info attempt registry request try #1 at 9:38:07 PM
98 http request GET https://registry.npmjs.org/@vue%2fruntime-dom
99 http 200 https://registry.npmjs.org/@vue%2fshared
100 verbose headers { date: 'Thu, 06 May 2021 03:38:07 GMT',
100 verbose headers   'content-type': 'application/json',
100 verbose headers   'transfer-encoding': 'chunked',
100 verbose headers   connection: 'keep-alive',
100 verbose headers   'set-cookie':
100 verbose headers    [ '__cfduid=d294442d1daa44b1591f95b19d28d29021620272287; expires=Sat, 05-Jun-21 03:38:07 GMT; path=/; domain=.npmjs.org; HttpOnly; SameSite=Lax' ],
100 verbose headers   'cf-ray': '64af2c84ac97f784-DEN',
100 verbose headers   'cache-control': 'public, max-age=300',
100 verbose headers   etag: 'W/"3248a8ab96913c75af7d998df83c1e66"',
100 verbose headers   'last-modified': 'Thu, 01 Apr 2021 23:53:23 GMT',
100 verbose headers   vary: 'accept-encoding, accept',
100 verbose headers   'cf-cache-status': 'HIT',
100 verbose headers   'cf-request-id': '09e15a26e50000f784eeb57000000001',
100 verbose headers   'expect-ct': 'max-age=604800, report-uri="https://report-uri.cloudflare.com/cdn-cgi/beacon/expect-ct"',
100 verbose headers   server: 'cloudflare',
100 verbose headers   'content-encoding': 'gzip' }
101 silly get cb [ 200,
101 silly get   { date: 'Thu, 06 May 2021 03:38:07 GMT',
101 silly get     'content-type': 'application/json',
101 silly get     'transfer-encoding': 'chunked',
101 silly get     connection: 'keep-alive',
101 silly get     'set-cookie':
101 silly get      [ '__cfduid=d294442d1daa44b1591f95b19d28d29021620272287; expires=Sat, 05-Jun-21 03:38:07 GMT; path=/; domain=.npmjs.org; HttpOnly; SameSite=Lax' ],
101 silly get     'cf-ray': '64af2c84ac97f784-DEN',
101 silly get     'cache-control': 'public, max-age=300',
101 silly get     etag: 'W/"3248a8ab96913c75af7d998df83c1e66"',
101 silly get     'last-modified': 'Thu, 01 Apr 2021 23:53:23 GMT',
101 silly get     vary: 'accept-encoding, accept',
101 silly get     'cf-cache-status': 'HIT',
101 silly get     'cf-request-id': '09e15a26e50000f784eeb57000000001',
101 silly get     'expect-ct': 'max-age=604800, report-uri="https://report-uri.cloudflare.com/cdn-cgi/beacon/expect-ct"',
101 silly get     server: 'cloudflare',
101 silly get     'content-encoding': 'gzip' } ]
102 verbose get saving @vue/shared to /home/dayley/.npm/registry.npmjs.org/_40vue_252fshared/.cache.json
103 silly resolveWithNewModule @vue/shared@3.0.11 checking installable status
104 silly cache add args [ '@vue/shared@3.0.11', null ]
105 verbose cache add spec @vue/shared@3.0.11
106 silly cache add parsed spec Result {
106 silly cache add   raw: '@vue/shared@3.0.11',
106 silly cache add   scope: '@vue',
106 silly cache add   name: '@vue/shared',
106 silly cache add   rawSpec: '3.0.11',
106 silly cache add   spec: '3.0.11',
106 silly cache add   type: 'version' }
107 silly addNamed @vue/shared@3.0.11
108 verbose addNamed "3.0.11" is a plain semver version for @vue/shared
109 silly mapToRegistry name @vue/shared
110 silly mapToRegistry scope (from package name) @vue
111 verbose mapToRegistry no registry URL found in name for scope @vue
112 silly mapToRegistry using default registry
113 silly mapToRegistry registry https://registry.npmjs.org/
114 silly mapToRegistry uri https://registry.npmjs.org/@vue%2fshared
115 verbose addNameVersion registry:https://registry.npmjs.org/@vue%2fshared not in flight; fetching
116 verbose get https://registry.npmjs.org/@vue%2fshared not expired, no request
117 silly mapToRegistry name @vue/shared
118 silly mapToRegistry scope (from package name) @vue
119 verbose mapToRegistry no registry URL found in name for scope @vue
120 silly mapToRegistry using default registry
121 silly mapToRegistry registry https://registry.npmjs.org/
122 silly mapToRegistry uri https://registry.npmjs.org/@vue%2fshared
123 verbose addRemoteTarball https://registry.npmjs.org/@vue/shared/-/shared-3.0.11.tgz not in flight; adding
124 verbose addRemoteTarball [ 'https://registry.npmjs.org/@vue/shared/-/shared-3.0.11.tgz',
124 verbose addRemoteTarball   '20d22dd0da7d358bb21c17f9bde8628152642c77' ]
125 info retry fetch attempt 1 at 9:38:07 PM
126 info attempt registry request try #1 at 9:38:07 PM
127 http fetch GET https://registry.npmjs.org/@vue/shared/-/shared-3.0.11.tgz
128 http fetch 200 https://registry.npmjs.org/@vue/shared/-/shared-3.0.11.tgz
129 silly fetchAndShaCheck shasum 20d22dd0da7d358bb21c17f9bde8628152642c77
130 verbose addTmpTarball /tmp/npm-14596-db5cb608/registry.npmjs.org/_40vue/shared/-/shared-3.0.11.tgz not in flight; adding
131 verbose addTmpTarball already have metadata; skipping unpack for @vue/shared@3.0.11
132 silly cache afterAdd @vue/shared@3.0.11
133 verbose afterAdd /home/dayley/.npm/@vue/shared/3.0.11/package/package.json not in flight; writing
134 verbose afterAdd /home/dayley/.npm/@vue/shared/3.0.11/package/package.json written
135 http 200 https://registry.npmjs.org/@vue%2fruntime-dom
136 verbose headers { date: 'Thu, 06 May 2021 03:38:08 GMT',
136 verbose headers   'content-type': 'application/json',
136 verbose headers   'transfer-encoding': 'chunked',
136 verbose headers   connection: 'keep-alive',
136 verbose headers   'set-cookie':
136 verbose headers    [ '__cfduid=d36cae9ee7298a2709865020de42f68fd1620272287; expires=Sat, 05-Jun-21 03:38:07 GMT; path=/; domain=.npmjs.org; HttpOnly; SameSite=Lax' ],
136 verbose headers   'cf-ray': '64af2c84e8b4270f-DEN',
136 verbose headers   'cache-control': 'public, max-age=300',
136 verbose headers   etag: 'W/"eb6a0a57f9c846d8c6eb7ab573f2ed49"',
136 verbose headers   'last-modified': 'Thu, 01 Apr 2021 23:53:15 GMT',
136 verbose headers   vary: 'accept-encoding, accept',
136 verbose headers   'cf-cache-status': 'EXPIRED',
136 verbose headers   'cf-request-id': '09e15a27100000270fe990c000000001',
136 verbose headers   'expect-ct': 'max-age=604800, report-uri="https://report-uri.cloudflare.com/cdn-cgi/beacon/expect-ct"',
136 verbose headers   server: 'cloudflare',
136 verbose headers   'content-encoding': 'gzip' }
137 silly get cb [ 200,
137 silly get   { date: 'Thu, 06 May 2021 03:38:08 GMT',
137 silly get     'content-type': 'application/json',
137 silly get     'transfer-encoding': 'chunked',
137 silly get     connection: 'keep-alive',
137 silly get     'set-cookie':
137 silly get      [ '__cfduid=d36cae9ee7298a2709865020de42f68fd1620272287; expires=Sat, 05-Jun-21 03:38:07 GMT; path=/; domain=.npmjs.org; HttpOnly; SameSite=Lax' ],
137 silly get     'cf-ray': '64af2c84e8b4270f-DEN',
137 silly get     'cache-control': 'public, max-age=300',
137 silly get     etag: 'W/"eb6a0a57f9c846d8c6eb7ab573f2ed49"',
137 silly get     'last-modified': 'Thu, 01 Apr 2021 23:53:15 GMT',
137 silly get     vary: 'accept-encoding, accept',
137 silly get     'cf-cache-status': 'EXPIRED',
137 silly get     'cf-request-id': '09e15a27100000270fe990c000000001',
137 silly get     'expect-ct': 'max-age=604800, report-uri="https://report-uri.cloudflare.com/cdn-cgi/beacon/expect-ct"',
137 silly get     server: 'cloudflare',
137 silly get     'content-encoding': 'gzip' } ]
138 verbose get saving @vue/runtime-dom to /home/dayley/.npm/registry.npmjs.org/_40vue_252fruntime-dom/.cache.json
139 silly resolveWithNewModule @vue/runtime-dom@3.0.11 checking installable status
140 silly cache add args [ '@vue/runtime-dom@3.0.11', null ]
141 verbose cache add spec @vue/runtime-dom@3.0.11
142 silly cache add parsed spec Result {
142 silly cache add   raw: '@vue/runtime-dom@3.0.11',
142 silly cache add   scope: '@vue',
142 silly cache add   name: '@vue/runtime-dom',
142 silly cache add   rawSpec: '3.0.11',
142 silly cache add   spec: '3.0.11',
142 silly cache add   type: 'version' }
143 silly addNamed @vue/runtime-dom@3.0.11
144 verbose addNamed "3.0.11" is a plain semver version for @vue/runtime-dom
145 silly mapToRegistry name @vue/runtime-dom
146 silly mapToRegistry scope (from package name) @vue
147 verbose mapToRegistry no registry URL found in name for scope @vue
148 silly mapToRegistry using default registry
149 silly mapToRegistry registry https://registry.npmjs.org/
150 silly mapToRegistry uri https://registry.npmjs.org/@vue%2fruntime-dom
151 verbose addNameVersion registry:https://registry.npmjs.org/@vue%2fruntime-dom not in flight; fetching
152 verbose get https://registry.npmjs.org/@vue%2fruntime-dom not expired, no request
153 silly mapToRegistry name @vue/runtime-dom
154 silly mapToRegistry scope (from package name) @vue
155 verbose mapToRegistry no registry URL found in name for scope @vue
156 silly mapToRegistry using default registry
157 silly mapToRegistry registry https://registry.npmjs.org/
158 silly mapToRegistry uri https://registry.npmjs.org/@vue%2fruntime-dom
159 verbose addRemoteTarball https://registry.npmjs.org/@vue/runtime-dom/-/runtime-dom-3.0.11.tgz not in flight; adding
160 verbose addRemoteTarball [ 'https://registry.npmjs.org/@vue/runtime-dom/-/runtime-dom-3.0.11.tgz',
160 verbose addRemoteTarball   '7a552df21907942721feb6961c418e222a699337' ]
161 info retry fetch attempt 1 at 9:38:08 PM
162 info attempt registry request try #1 at 9:38:08 PM
163 http fetch GET https://registry.npmjs.org/@vue/runtime-dom/-/runtime-dom-3.0.11.tgz
164 http 200 https://registry.npmjs.org/@vue%2fcompiler-dom
165 verbose headers { date: 'Thu, 06 May 2021 03:38:08 GMT',
165 verbose headers   'content-type': 'application/json',
165 verbose headers   'transfer-encoding': 'chunked',
165 verbose headers   connection: 'keep-alive',
165 verbose headers   'set-cookie':
165 verbose headers    [ '__cfduid=deec28838492740107deb4860c974142d1620272287; expires=Sat, 05-Jun-21 03:38:07 GMT; path=/; domain=.npmjs.org; HttpOnly; SameSite=Lax' ],
165 verbose headers   'cf-ray': '64af2c84eacb2707-DEN',
165 verbose headers   'cache-control': 'public, max-age=300',
165 verbose headers   etag: 'W/"b30f07236c5f81bacf5e561b5f6fbf97"',
165 verbose headers   'last-modified': 'Thu, 01 Apr 2021 23:52:55 GMT',
165 verbose headers   vary: 'accept-encoding, accept',
165 verbose headers   'cf-cache-status': 'EXPIRED',
165 verbose headers   'cf-request-id': '09e15a270e00002707df22a000000001',
165 verbose headers   'expect-ct': 'max-age=604800, report-uri="https://report-uri.cloudflare.com/cdn-cgi/beacon/expect-ct"',
165 verbose headers   server: 'cloudflare',
165 verbose headers   'content-encoding': 'gzip' }
166 silly get cb [ 200,
166 silly get   { date: 'Thu, 06 May 2021 03:38:08 GMT',
166 silly get     'content-type': 'application/json',
166 silly get     'transfer-encoding': 'chunked',
166 silly get     connection: 'keep-alive',
166 silly get     'set-cookie':
166 silly get      [ '__cfduid=deec28838492740107deb4860c974142d1620272287; expires=Sat, 05-Jun-21 03:38:07 GMT; path=/; domain=.npmjs.org; HttpOnly; SameSite=Lax' ],
166 silly get     'cf-ray': '64af2c84eacb2707-DEN',
166 silly get     'cache-control': 'public, max-age=300',
166 silly get     etag: 'W/"b30f07236c5f81bacf5e561b5f6fbf97"',
166 silly get     'last-modified': 'Thu, 01 Apr 2021 23:52:55 GMT',
166 silly get     vary: 'accept-encoding, accept',
166 silly get     'cf-cache-status': 'EXPIRED',
166 silly get     'cf-request-id': '09e15a270e00002707df22a000000001',
166 silly get     'expect-ct': 'max-age=604800, report-uri="https://report-uri.cloudflare.com/cdn-cgi/beacon/expect-ct"',
166 silly get     server: 'cloudflare',
166 silly get     'content-encoding': 'gzip' } ]
167 verbose get saving @vue/compiler-dom to /home/dayley/.npm/registry.npmjs.org/_40vue_252fcompiler-dom/.cache.json
168 silly resolveWithNewModule @vue/compiler-dom@3.0.11 checking installable status
169 silly cache add args [ '@vue/compiler-dom@3.0.11', null ]
170 verbose cache add spec @vue/compiler-dom@3.0.11
171 silly cache add parsed spec Result {
171 silly cache add   raw: '@vue/compiler-dom@3.0.11',
171 silly cache add   scope: '@vue',
171 silly cache add   name: '@vue/compiler-dom',
171 silly cache add   rawSpec: '3.0.11',
171 silly cache add   spec: '3.0.11',
171 silly cache add   type: 'version' }
172 silly addNamed @vue/compiler-dom@3.0.11
173 verbose addNamed "3.0.11" is a plain semver version for @vue/compiler-dom
174 silly mapToRegistry name @vue/compiler-dom
175 silly mapToRegistry scope (from package name) @vue
176 verbose mapToRegistry no registry URL found in name for scope @vue
177 silly mapToRegistry using default registry
178 silly mapToRegistry registry https://registry.npmjs.org/
179 silly mapToRegistry uri https://registry.npmjs.org/@vue%2fcompiler-dom
180 verbose addNameVersion registry:https://registry.npmjs.org/@vue%2fcompiler-dom not in flight; fetching
181 verbose get https://registry.npmjs.org/@vue%2fcompiler-dom not expired, no request
182 silly mapToRegistry name @vue/compiler-dom
183 silly mapToRegistry scope (from package name) @vue
184 verbose mapToRegistry no registry URL found in name for scope @vue
185 silly mapToRegistry using default registry
186 silly mapToRegistry registry https://registry.npmjs.org/
187 silly mapToRegistry uri https://registry.npmjs.org/@vue%2fcompiler-dom
188 verbose addRemoteTarball https://registry.npmjs.org/@vue/compiler-dom/-/compiler-dom-3.0.11.tgz not in flight; adding
189 verbose addRemoteTarball [ 'https://registry.npmjs.org/@vue/compiler-dom/-/compiler-dom-3.0.11.tgz',
189 verbose addRemoteTarball   'b15fc1c909371fd671746020ba55b5dab4a730ee' ]
190 info retry fetch attempt 1 at 9:38:08 PM
191 info attempt registry request try #1 at 9:38:08 PM
192 http fetch GET https://registry.npmjs.org/@vue/compiler-dom/-/compiler-dom-3.0.11.tgz
193 http fetch 200 https://registry.npmjs.org/@vue/runtime-dom/-/runtime-dom-3.0.11.tgz
194 silly fetchAndShaCheck shasum 7a552df21907942721feb6961c418e222a699337
195 verbose addTmpTarball /tmp/npm-14596-db5cb608/registry.npmjs.org/_40vue/runtime-dom/-/runtime-dom-3.0.11.tgz not in flight; adding
196 verbose addTmpTarball already have metadata; skipping unpack for @vue/runtime-dom@3.0.11
197 silly cache afterAdd @vue/runtime-dom@3.0.11
198 verbose afterAdd /home/dayley/.npm/@vue/runtime-dom/3.0.11/package/package.json not in flight; writing
199 verbose afterAdd /home/dayley/.npm/@vue/runtime-dom/3.0.11/package/package.json written
200 http fetch 200 https://registry.npmjs.org/@vue/compiler-dom/-/compiler-dom-3.0.11.tgz
201 silly fetchAndShaCheck shasum b15fc1c909371fd671746020ba55b5dab4a730ee
202 verbose addTmpTarball /tmp/npm-14596-db5cb608/registry.npmjs.org/_40vue/compiler-dom/-/compiler-dom-3.0.11.tgz not in flight; adding
203 verbose addTmpTarball already have metadata; skipping unpack for @vue/compiler-dom@3.0.11
204 silly cache afterAdd @vue/compiler-dom@3.0.11
205 verbose afterAdd /home/dayley/.npm/@vue/compiler-dom/3.0.11/package/package.json not in flight; writing
206 verbose afterAdd /home/dayley/.npm/@vue/compiler-dom/3.0.11/package/package.json written
207 silly fetchNamedPackageData @vue/compiler-core
208 silly mapToRegistry name @vue/compiler-core
209 silly mapToRegistry scope (from package name) @vue
210 verbose mapToRegistry no registry URL found in name for scope @vue
211 silly mapToRegistry using default registry
212 silly mapToRegistry registry https://registry.npmjs.org/
213 silly mapToRegistry uri https://registry.npmjs.org/@vue%2fcompiler-core
214 verbose request uri https://registry.npmjs.org/@vue%2fcompiler-core
215 verbose request no auth needed
216 info attempt registry request try #1 at 9:38:08 PM
217 http request GET https://registry.npmjs.org/@vue%2fcompiler-core
218 http 200 https://registry.npmjs.org/@vue%2fcompiler-core
219 verbose headers { date: 'Thu, 06 May 2021 03:38:09 GMT',
219 verbose headers   'content-type': 'application/json',
219 verbose headers   'transfer-encoding': 'chunked',
219 verbose headers   connection: 'keep-alive',
219 verbose headers   'set-cookie':
219 verbose headers    [ '__cfduid=dece4e0da3b45a9f6aea1ce85b068f3861620272288; expires=Sat, 05-Jun-21 03:38:08 GMT; path=/; domain=.npmjs.org; HttpOnly; SameSite=Lax' ],
219 verbose headers   'cf-ray': '64af2c8d9c1b2707-DEN',
219 verbose headers   'cache-control': 'public, max-age=300',
219 verbose headers   etag: 'W/"d8a9c3fb71dcc3bc89a27eae68340b21"',
219 verbose headers   'last-modified': 'Thu, 01 Apr 2021 23:52:51 GMT',
219 verbose headers   vary: 'accept-encoding, accept',
219 verbose headers   'cf-cache-status': 'EXPIRED',
219 verbose headers   'cf-request-id': '09e15a2c7e000027076da45000000001',
219 verbose headers   'expect-ct': 'max-age=604800, report-uri="https://report-uri.cloudflare.com/cdn-cgi/beacon/expect-ct"',
219 verbose headers   server: 'cloudflare',
219 verbose headers   'content-encoding': 'gzip' }
220 silly get cb [ 200,
220 silly get   { date: 'Thu, 06 May 2021 03:38:09 GMT',
220 silly get     'content-type': 'application/json',
220 silly get     'transfer-encoding': 'chunked',
220 silly get     connection: 'keep-alive',
220 silly get     'set-cookie':
220 silly get      [ '__cfduid=dece4e0da3b45a9f6aea1ce85b068f3861620272288; expires=Sat, 05-Jun-21 03:38:08 GMT; path=/; domain=.npmjs.org; HttpOnly; SameSite=Lax' ],
220 silly get     'cf-ray': '64af2c8d9c1b2707-DEN',
220 silly get     'cache-control': 'public, max-age=300',
220 silly get     etag: 'W/"d8a9c3fb71dcc3bc89a27eae68340b21"',
220 silly get     'last-modified': 'Thu, 01 Apr 2021 23:52:51 GMT',
220 silly get     vary: 'accept-encoding, accept',
220 silly get     'cf-cache-status': 'EXPIRED',
220 silly get     'cf-request-id': '09e15a2c7e000027076da45000000001',
220 silly get     'expect-ct': 'max-age=604800, report-uri="https://report-uri.cloudflare.com/cdn-cgi/beacon/expect-ct"',
220 silly get     server: 'cloudflare',
220 silly get     'content-encoding': 'gzip' } ]
221 verbose get saving @vue/compiler-core to /home/dayley/.npm/registry.npmjs.org/_40vue_252fcompiler-core/.cache.json
222 silly resolveWithNewModule @vue/compiler-core@3.0.11 checking installable status
223 silly cache add args [ '@vue/compiler-core@3.0.11', null ]
224 verbose cache add spec @vue/compiler-core@3.0.11
225 silly cache add parsed spec Result {
225 silly cache add   raw: '@vue/compiler-core@3.0.11',
225 silly cache add   scope: '@vue',
225 silly cache add   name: '@vue/compiler-core',
225 silly cache add   rawSpec: '3.0.11',
225 silly cache add   spec: '3.0.11',
225 silly cache add   type: 'version' }
226 silly addNamed @vue/compiler-core@3.0.11
227 verbose addNamed "3.0.11" is a plain semver version for @vue/compiler-core
228 silly mapToRegistry name @vue/compiler-core
229 silly mapToRegistry scope (from package name) @vue
230 verbose mapToRegistry no registry URL found in name for scope @vue
231 silly mapToRegistry using default registry
232 silly mapToRegistry registry https://registry.npmjs.org/
233 silly mapToRegistry uri https://registry.npmjs.org/@vue%2fcompiler-core
234 verbose addNameVersion registry:https://registry.npmjs.org/@vue%2fcompiler-core not in flight; fetching
235 verbose get https://registry.npmjs.org/@vue%2fcompiler-core not expired, no request
236 silly mapToRegistry name @vue/compiler-core
237 silly mapToRegistry scope (from package name) @vue
238 verbose mapToRegistry no registry URL found in name for scope @vue
239 silly mapToRegistry using default registry
240 silly mapToRegistry registry https://registry.npmjs.org/
241 silly mapToRegistry uri https://registry.npmjs.org/@vue%2fcompiler-core
242 verbose addRemoteTarball https://registry.npmjs.org/@vue/compiler-core/-/compiler-core-3.0.11.tgz not in flight; adding
243 verbose addRemoteTarball [ 'https://registry.npmjs.org/@vue/compiler-core/-/compiler-core-3.0.11.tgz',
243 verbose addRemoteTarball   '5ef579e46d7b336b8735228758d1c2c505aae69a' ]
244 info retry fetch attempt 1 at 9:38:09 PM
245 info attempt registry request try #1 at 9:38:09 PM
246 http fetch GET https://registry.npmjs.org/@vue/compiler-core/-/compiler-core-3.0.11.tgz
247 http fetch 200 https://registry.npmjs.org/@vue/compiler-core/-/compiler-core-3.0.11.tgz
248 silly fetchAndShaCheck shasum 5ef579e46d7b336b8735228758d1c2c505aae69a
249 verbose addTmpTarball /tmp/npm-14596-db5cb608/registry.npmjs.org/_40vue/compiler-core/-/compiler-core-3.0.11.tgz not in flight; adding
250 verbose addTmpTarball already have metadata; skipping unpack for @vue/compiler-core@3.0.11
251 silly cache afterAdd @vue/compiler-core@3.0.11
252 verbose afterAdd /home/dayley/.npm/@vue/compiler-core/3.0.11/package/package.json not in flight; writing
253 verbose afterAdd /home/dayley/.npm/@vue/compiler-core/3.0.11/package/package.json written
254 silly fetchNamedPackageData @babel/parser
255 silly mapToRegistry name @babel/parser
256 silly mapToRegistry scope (from package name) @babel
257 verbose mapToRegistry no registry URL found in name for scope @babel
258 silly mapToRegistry using default registry
259 silly mapToRegistry registry https://registry.npmjs.org/
260 silly mapToRegistry uri https://registry.npmjs.org/@babel%2fparser
261 silly fetchNamedPackageData @babel/types
262 silly mapToRegistry name @babel/types
263 silly mapToRegistry scope (from package name) @babel
264 verbose mapToRegistry no registry URL found in name for scope @babel
265 silly mapToRegistry using default registry
266 silly mapToRegistry registry https://registry.npmjs.org/
267 silly mapToRegistry uri https://registry.npmjs.org/@babel%2ftypes
268 silly fetchNamedPackageData estree-walker
269 silly mapToRegistry name estree-walker
270 silly mapToRegistry using default registry
271 silly mapToRegistry registry https://registry.npmjs.org/
272 silly mapToRegistry uri https://registry.npmjs.org/estree-walker
273 silly fetchNamedPackageData source-map
274 silly mapToRegistry name source-map
275 silly mapToRegistry using default registry
276 silly mapToRegistry registry https://registry.npmjs.org/
277 silly mapToRegistry uri https://registry.npmjs.org/source-map
278 verbose request uri https://registry.npmjs.org/@babel%2fparser
279 verbose request no auth needed
280 info attempt registry request try #1 at 9:38:09 PM
281 http request GET https://registry.npmjs.org/@babel%2fparser
282 verbose request uri https://registry.npmjs.org/@babel%2ftypes
283 verbose request no auth needed
284 info attempt registry request try #1 at 9:38:09 PM
285 http request GET https://registry.npmjs.org/@babel%2ftypes
286 verbose request uri https://registry.npmjs.org/estree-walker
287 verbose request no auth needed
288 info attempt registry request try #1 at 9:38:09 PM
289 http request GET https://registry.npmjs.org/estree-walker
290 verbose request uri https://registry.npmjs.org/source-map
291 verbose request no auth needed
292 info attempt registry request try #1 at 9:38:09 PM
293 http request GET https://registry.npmjs.org/source-map
294 http 200 https://registry.npmjs.org/estree-walker
295 verbose headers { date: 'Thu, 06 May 2021 03:38:10 GMT',
295 verbose headers   'content-type': 'application/json',
295 verbose headers   'transfer-encoding': 'chunked',
295 verbose headers   connection: 'keep-alive',
295 verbose headers   'set-cookie':
295 verbose headers    [ '__cfduid=d03cce16bd4ea82d426222bf875f1be3f1620272290; expires=Sat, 05-Jun-21 03:38:10 GMT; path=/; domain=.npmjs.org; HttpOnly; SameSite=Lax' ],
295 verbose headers   'cf-ray': '64af2c949d2ff784-DEN',
295 verbose headers   'cache-control': 'public, max-age=300',
295 verbose headers   etag: 'W/"83d7a3244e34f461c34ac3bee138e774"',
295 verbose headers   'last-modified': 'Fri, 29 Jan 2021 21:20:24 GMT',
295 verbose headers   vary: 'accept-encoding, accept',
295 verbose headers   'cf-cache-status': 'HIT',
295 verbose headers   'cf-request-id': '09e15a30dc0000f784e4b2e000000001',
295 verbose headers   'expect-ct': 'max-age=604800, report-uri="https://report-uri.cloudflare.com/cdn-cgi/beacon/expect-ct"',
295 verbose headers   server: 'cloudflare',
295 verbose headers   'content-encoding': 'gzip' }
296 silly get cb [ 200,
296 silly get   { date: 'Thu, 06 May 2021 03:38:10 GMT',
296 silly get     'content-type': 'application/json',
296 silly get     'transfer-encoding': 'chunked',
296 silly get     connection: 'keep-alive',
296 silly get     'set-cookie':
296 silly get      [ '__cfduid=d03cce16bd4ea82d426222bf875f1be3f1620272290; expires=Sat, 05-Jun-21 03:38:10 GMT; path=/; domain=.npmjs.org; HttpOnly; SameSite=Lax' ],
296 silly get     'cf-ray': '64af2c949d2ff784-DEN',
296 silly get     'cache-control': 'public, max-age=300',
296 silly get     etag: 'W/"83d7a3244e34f461c34ac3bee138e774"',
296 silly get     'last-modified': 'Fri, 29 Jan 2021 21:20:24 GMT',
296 silly get     vary: 'accept-encoding, accept',
296 silly get     'cf-cache-status': 'HIT',
296 silly get     'cf-request-id': '09e15a30dc0000f784e4b2e000000001',
296 silly get     'expect-ct': 'max-age=604800, report-uri="https://report-uri.cloudflare.com/cdn-cgi/beacon/expect-ct"',
296 silly get     server: 'cloudflare',
296 silly get     'content-encoding': 'gzip' } ]
297 verbose get saving estree-walker to /home/dayley/.npm/registry.npmjs.org/estree-walker/.cache.json
298 verbose stack Error: Missing required argument #1
298 verbose stack     at andLogAndFinish (/usr/share/npm/lib/fetch-package-metadata.js:31:3)
298 verbose stack     at fetchPackageMetadata (/usr/share/npm/lib/fetch-package-metadata.js:51:22)
298 verbose stack     at resolveWithNewModule (/usr/share/npm/lib/install/deps.js:456:12)
298 verbose stack     at /usr/share/npm/lib/install/deps.js:457:7
298 verbose stack     at /usr/share/npm/node_modules/iferr/index.js:13:50
298 verbose stack     at /usr/share/npm/lib/fetch-package-metadata.js:37:12
298 verbose stack     at addRequestedAndFinish (/usr/share/npm/lib/fetch-package-metadata.js:82:5)
298 verbose stack     at returnAndAddMetadata (/usr/share/npm/lib/fetch-package-metadata.js:117:7)
298 verbose stack     at pickVersionFromRegistryDocument (/usr/share/npm/lib/fetch-package-metadata.js:134:20)
298 verbose stack     at /usr/share/npm/node_modules/iferr/index.js:13:50
299 verbose cwd /home/dayley/Village-Builder
300 error Linux 5.4.0-72-generic
301 error argv "/usr/bin/node" "/usr/bin/npm" "install" "vue@next"
302 error node v8.10.0
303 error npm  v3.5.2
304 error code EMISSINGARG
305 error typeerror Error: Missing required argument #1
305 error typeerror     at andLogAndFinish (/usr/share/npm/lib/fetch-package-metadata.js:31:3)
305 error typeerror     at fetchPackageMetadata (/usr/share/npm/lib/fetch-package-metadata.js:51:22)
305 error typeerror     at resolveWithNewModule (/usr/share/npm/lib/install/deps.js:456:12)
305 error typeerror     at /usr/share/npm/lib/install/deps.js:457:7
305 error typeerror     at /usr/share/npm/node_modules/iferr/index.js:13:50
305 error typeerror     at /usr/share/npm/lib/fetch-package-metadata.js:37:12
305 error typeerror     at addRequestedAndFinish (/usr/share/npm/lib/fetch-package-metadata.js:82:5)
305 error typeerror     at returnAndAddMetadata (/usr/share/npm/lib/fetch-package-metadata.js:117:7)
305 error typeerror     at pickVersionFromRegistryDocument (/usr/share/npm/lib/fetch-package-metadata.js:134:20)
305 error typeerror     at /usr/share/npm/node_modules/iferr/index.js:13:50
306 error typeerror This is an error with npm itself. Please report this error at:
306 error typeerror     <http://github.com/npm/npm/issues>
307 verbose exit [ 1, true ]
